Using pre-set license
Built from '2020.3/staging' branch; Version is '2020.3.16f1 (049d6eca3c44) revision 302446'; Using compiler version '192528614'; Build Type 'Release'
OS: 'Windows 10 Pro; OS build 19044.1645; Version 2009; 64bit' Language: 'pt' Physical Memory: 8060 MB
BatchMode: 1, IsHumanControllingUs: 0, StartBugReporterOnCrash: 0, Is64bit: 1, IsPro: 0

 COMMAND LINE ARGUMENTS:
C:\Program Files\Unity\Hub\Editor\2020.3.16f1\Editor\Unity.exe
-adb2
-batchMode
-noUpm
-name
AssetImportWorker0
-projectPath
C:/Projetos UNITY/SpoopyJam2021
-logFile
Logs/AssetImportWorker0.log
-srvPort
51278
Successfully changed project path to: C:/Projetos UNITY/SpoopyJam2021
C:/Projetos UNITY/SpoopyJam2021
Using Asset Import Pipeline V2.
Refreshing native plugins compatible for Editor in 230.62 ms, found 3 plugins.
Preloading 0 native plugins for Editor in 0.00 ms.
Initialize engine version: 2020.3.16f1 (049d6eca3c44)
[Subsystems] Discovering subsystems at path C:/Program Files/Unity/Hub/Editor/2020.3.16f1/Editor/Data/Resources/UnitySubsystems
[Subsystems] Discovering subsystems at path C:/Projetos UNITY/SpoopyJam2021/Assets
GfxDevice: creating device client; threaded=0
Direct3D:
    Version:  Direct3D 11.0 [level 11.1]
    Renderer: NVIDIA GeForce GTX 1650 (ID=0x1f99)
    Vendor:   
    VRAM:     3962 MB
    Driver:   30.0.15.1215
Initialize mono
Mono path[0] = 'C:/Program Files/Unity/Hub/Editor/2020.3.16f1/Editor/Data/Managed'
Mono path[1] = 'C:/Program Files/Unity/Hub/Editor/2020.3.16f1/Editor/Data/MonoBleedingEdge/lib/mono/unityjit'
Mono config path = 'C:/Program Files/Unity/Hub/Editor/2020.3.16f1/Editor/Data/MonoBleedingEdge/etc'
Using monoOptions --debugger-agent=transport=dt_socket,embedding=1,server=y,suspend=n,address=127.0.0.1:56876
Begin MonoManager ReloadAssembly
Registering precompiled unity dll's ...
Register platform support module: C:/Program Files/Unity/Hub/Editor/2020.3.16f1/Editor/Data/PlaybackEngines/WebGLSupport/UnityEditor.WebGL.Extensions.dll
Register platform support module: C:/Program Files/Unity/Hub/Editor/2020.3.16f1/Editor/Data/PlaybackEngines/WindowsStandaloneSupport/UnityEditor.WindowsStandalone.Extensions.dll
Registered in 0.004360 seconds.
Native extension for WindowsStandalone target not found
Native extension for WebGL target not found
Refreshing native plugins compatible for Editor in 205.72 ms, found 3 plugins.
Preloading 0 native plugins for Editor in 0.00 ms.
Mono: successfully reloaded assembly
- Completed reload, in  5.390 seconds
Domain Reload Profiling:
	ReloadAssembly (5391ms)
		BeginReloadAssembly (153ms)
			ExecutionOrderSort (0ms)
			DisableScriptedObjects (0ms)
			BackupInstance (0ms)
			ReleaseScriptingObjects (0ms)
			CreateAndSetChildDomain (1ms)
		EndReloadAssembly (1307ms)
			LoadAssemblies (149ms)
			RebuildTransferFunctionScriptingTraits (0ms)
			SetupTypeCache (469ms)
			ReleaseScriptCaches (0ms)
			RebuildScriptCaches (85ms)
			SetupLoadedEditorAssemblies (562ms)
				LogAssemblyErrors (0ms)
				InitializePlatformSupportModulesInManaged (6ms)
				SetLoadedEditorAssemblies (0ms)
				RefreshPlugins (206ms)
				BeforeProcessingInitializeOnLoad (49ms)
				ProcessInitializeOnLoadAttributes (230ms)
				ProcessInitializeOnLoadMethodAttributes (69ms)
				AfterProcessingInitializeOnLoad (0ms)
				EditorAssembliesLoaded (1ms)
			ExecutionOrderSort2 (0ms)
			AwakeInstancesAfterBackupRestoration (0ms)
Platform modules already initialized, skipping
Registering precompiled user dll's ...
Registered in 0.025880 seconds.
Begin MonoManager ReloadAssembly
Script error: OnCollisionEnter
The message must have 0 or 1 parameters.
The message will be ignored.

Script error: OnCollisionEnter
The message must have 0 or 1 parameters.
The message will be ignored.

Script error: OnCollisionEnter
The message must have 0 or 1 parameters.
The message will be ignored.

Script error: OnCollisionEnter
The message must have 0 or 1 parameters.
The message will be ignored.

Native extension for WindowsStandalone target not found
Native extension for WebGL target not found
Refreshing native plugins compatible for Editor in 168.17 ms, found 3 plugins.
Preloading 0 native plugins for Editor in 0.00 ms.
Mono: successfully reloaded assembly
- Completed reload, in  2.973 seconds
Domain Reload Profiling:
	ReloadAssembly (2975ms)
		BeginReloadAssembly (344ms)
			ExecutionOrderSort (0ms)
			DisableScriptedObjects (10ms)
			BackupInstance (0ms)
			ReleaseScriptingObjects (0ms)
			CreateAndSetChildDomain (63ms)
		EndReloadAssembly (2471ms)
			LoadAssemblies (305ms)
			RebuildTransferFunctionScriptingTraits (0ms)
			SetupTypeCache (924ms)
			ReleaseScriptCaches (1ms)
			RebuildScriptCaches (124ms)
			SetupLoadedEditorAssemblies (879ms)
				LogAssemblyErrors (0ms)
				InitializePlatformSupportModulesInManaged (12ms)
				SetLoadedEditorAssemblies (0ms)
				RefreshPlugins (168ms)
				BeforeProcessingInitializeOnLoad (193ms)
				ProcessInitializeOnLoadAttributes (433ms)
				ProcessInitializeOnLoadMethodAttributes (61ms)
				AfterProcessingInitializeOnLoad (10ms)
				EditorAssembliesLoaded (1ms)
			ExecutionOrderSort2 (0ms)
			AwakeInstancesAfterBackupRestoration (26ms)
Platform modules already initialized, skipping
========================================================================
Worker process is ready to serve import requests
Launched and connected shader compiler UnityShaderCompiler.exe after 0.19 seconds
Refreshing native plugins compatible for Editor in 1.11 ms, found 3 plugins.
Preloading 0 native plugins for Editor in 0.00 ms.
Unloading 3230 Unused Serialized files (Serialized files now loaded: 0)
System memory in use before: 131.8 MB.
System memory in use after: 132.0 MB.

Unloading 34 unused Assets to reduce memory usage. Loaded Objects now: 3668.
Total: 15.325700 ms (FindLiveObjects: 0.785400 ms CreateObjectMapping: 0.466900 ms MarkObjects: 13.980600 ms  DeleteObjects: 0.089900 ms)

AssetImportParameters requested are different than current active one (requested -> active):
  custom:framework-win-MediaFoundation: 216162199b28c13a410421893ffa2e32 -> 
  custom:video-decoder-ogg-theora: a1e56fd34408186e4bbccfd4996cb3dc -> 
  custom:container-muxer-webm: aa71ff27fc2769a1b78a27578f13a17b -> 
  custom:container-demuxer-webm: 4f35f7cbe854078d1ac9338744f61a02 -> 
  custom:container-demuxer-ogg: 62fdf1f143b41e24485cea50d1cbac27 -> 
  custom:video-encoder-webm-vp8: eb34c28f22e8b96e1ab97ce403110664 -> 
  custom:video-decoder-webm-vp8: 9c59270c3fd7afecdb556c50c9e8de78 -> 
  custom:audio-decoder-ogg-vorbis: bf7c407c2cedff20999df2af8eb42d56 -> 
  custom:audio-encoder-webm-vorbis: bf7c407c2cedff20999df2af8eb42d56 -> 
========================================================================
Received Import Request.
  path: Assets/_Game/Gameplay/Script/Player/Data/Data Bullets/BulletA4 (Rato) - Hell.asset
  artifactKey: Guid(3dc8c6e573517e34b85dc37581f19de2) Importer(815301076,1909f56bfc062723c751e8b465ee728b)
Start importing Assets/_Game/Gameplay/Script/Player/Data/Data Bullets/BulletA4 (Rato) - Hell.asset using Guid(3dc8c6e573517e34b85dc37581f19de2) Importer(815301076,1909f56bfc062723c751e8b465ee728b)  -> (artifact id: 'a8adf60230b8911ec57dd1b2968d0812') in 0.149302 seconds 
  Import took 0.175470 seconds .

========================================================================
Received Import Request.
  Time since last request: 0.000574 seconds.
  path: Assets/_Game/Gameplay/Script/Player/Data/Data Weapons/weaponA4 Rato.asset
  artifactKey: Guid(5ac1926e29bd66547aa763a75cbc3468) Importer(815301076,1909f56bfc062723c751e8b465ee728b)
Start importing Assets/_Game/Gameplay/Script/Player/Data/Data Weapons/weaponA4 Rato.asset using Guid(5ac1926e29bd66547aa763a75cbc3468) Importer(815301076,1909f56bfc062723c751e8b465ee728b)  -> (artifact id: 'b58f92a22b27d1098f1341a805aab844') in 0.014206 seconds 
  Import took 0.028349 seconds .

========================================================================
Received Import Request.
  Time since last request: 99.922861 seconds.
  path: Assets/_Game/Gameplay/Script/Player/Data/Data CharacterProperty/CharacterA2 (Coelho).asset
  artifactKey: Guid(1cae9dd7ebf5aa547ba8c458aa252465) Importer(815301076,1909f56bfc062723c751e8b465ee728b)
Start importing Assets/_Game/Gameplay/Script/Player/Data/Data CharacterProperty/CharacterA2 (Coelho).asset using Guid(1cae9dd7ebf5aa547ba8c458aa252465) Importer(815301076,1909f56bfc062723c751e8b465ee728b)  -> (artifact id: 'c9d0256d1c3c56203499cb9554109d08') in 0.196144 seconds 
  Import took 0.220252 seconds .

========================================================================
Received Import Request.
  Time since last request: 0.016740 seconds.
  path: Assets/_Game/Gameplay/Script/Player/Data/Data CharacterProperty/CharacterA2 (Coelho).asset
  artifactKey: Guid(1cae9dd7ebf5aa547ba8c458aa252465) Importer(815301076,1909f56bfc062723c751e8b465ee728b)
Start importing Assets/_Game/Gameplay/Script/Player/Data/Data CharacterProperty/CharacterA2 (Coelho).asset using Guid(1cae9dd7ebf5aa547ba8c458aa252465) Importer(815301076,1909f56bfc062723c751e8b465ee728b)  -> (artifact id: 'c9d0256d1c3c56203499cb9554109d08') in 0.059614 seconds 
  Import took 0.074151 seconds .

========================================================================
Received Import Request.
  Time since last request: 348.269769 seconds.
  path: Assets/_Game/Gameplay/Script/Player/Data/Data CharacterProperty/CharacterA3 (Dogo).asset
  artifactKey: Guid(e848503aeec485e4095b1d413ea822b8) Importer(815301076,1909f56bfc062723c751e8b465ee728b)
Start importing Assets/_Game/Gameplay/Script/Player/Data/Data CharacterProperty/CharacterA3 (Dogo).asset using Guid(e848503aeec485e4095b1d413ea822b8) Importer(815301076,1909f56bfc062723c751e8b465ee728b)  -> (artifact id: '2e5b14fd36b762f0c08c7f9abf32d808') in 0.099918 seconds 
  Import took 0.118783 seconds .

========================================================================
Received Import Request.
  Time since last request: 516.239935 seconds.
  path: Assets/_Game/Gameplay/Script/Player/Data/Data Bullets/BulletA3 (Dogo) - Doom.asset
  artifactKey: Guid(eed1020a2205308459d3aa77256ebecb) Importer(815301076,1909f56bfc062723c751e8b465ee728b)
Start importing Assets/_Game/Gameplay/Script/Player/Data/Data Bullets/BulletA3 (Dogo) - Doom.asset using Guid(eed1020a2205308459d3aa77256ebecb) Importer(815301076,1909f56bfc062723c751e8b465ee728b)  -> (artifact id: '20888671aa25e764dde35e4b558e1556') in 0.291382 seconds 
  Import took 0.637390 seconds .

========================================================================
Received Import Request.
  Time since last request: 77.479170 seconds.
  path: Assets/_Game/Gameplay/Prefabs/Bullets/bulletA3 (Dogo) Doom.prefab
  artifactKey: Guid(a45d6fba39724594fb288b144a1fe066) Importer(815301076,1909f56bfc062723c751e8b465ee728b)
Start importing Assets/_Game/Gameplay/Prefabs/Bullets/bulletA3 (Dogo) Doom.prefab using Guid(a45d6fba39724594fb288b144a1fe066) Importer(815301076,1909f56bfc062723c751e8b465ee728b)  -> (artifact id: '1f81aaf14c0795f304b781d38b9f69c8') in 0.274734 seconds 
  Import took 0.310130 seconds .

========================================================================
Received Prepare
Refreshing native plugins compatible for Editor in 25.54 ms, found 3 plugins.
Preloading 0 native plugins for Editor in 0.00 ms.
Unloading 22 Unused Serialized files (Serialized files now loaded: 0)
System memory in use before: 70.9 MB.
System memory in use after: 71.1 MB.

Unloading 23 unused Assets to reduce memory usage. Loaded Objects now: 3675.
Total: 9.344400 ms (FindLiveObjects: 0.570100 ms CreateObjectMapping: 0.379300 ms MarkObjects: 8.277400 ms  DeleteObjects: 0.115400 ms)

AssetImportParameters requested are different than current active one (requested -> active):
  custom:framework-win-MediaFoundation: 216162199b28c13a410421893ffa2e32 -> 
  custom:video-decoder-ogg-theora: a1e56fd34408186e4bbccfd4996cb3dc -> 
  custom:container-muxer-webm: aa71ff27fc2769a1b78a27578f13a17b -> 
  custom:container-demuxer-webm: 4f35f7cbe854078d1ac9338744f61a02 -> 
  custom:container-demuxer-ogg: 62fdf1f143b41e24485cea50d1cbac27 -> 
  custom:video-encoder-webm-vp8: eb34c28f22e8b96e1ab97ce403110664 -> 
  custom:video-decoder-webm-vp8: 9c59270c3fd7afecdb556c50c9e8de78 -> 
  custom:audio-decoder-ogg-vorbis: bf7c407c2cedff20999df2af8eb42d56 -> 
  custom:audio-encoder-webm-vorbis: bf7c407c2cedff20999df2af8eb42d56 -> 
========================================================================
Received Import Request.
  Time since last request: 5.017824 seconds.
  path: Assets/_Game/Gameplay/Prefabs/Bullets/bulletA3 (Dogo) Doom.prefab
  artifactKey: Guid(a45d6fba39724594fb288b144a1fe066) Importer(815301076,1909f56bfc062723c751e8b465ee728b)
Start importing Assets/_Game/Gameplay/Prefabs/Bullets/bulletA3 (Dogo) Doom.prefab using Guid(a45d6fba39724594fb288b144a1fe066) Importer(815301076,1909f56bfc062723c751e8b465ee728b)  -> (artifact id: '956f48de4c5487e7620f856d2808ca5a') in 0.049959 seconds 
  Import took 0.060873 seconds .

========================================================================
Received Import Request.
  Time since last request: 841.924441 seconds.
  path: Assets/_Game/Gameplay/Prefabs/Bullets/bulletA3 (Dogo) Doom.prefab
  artifactKey: Guid(a45d6fba39724594fb288b144a1fe066) Importer(815301076,1909f56bfc062723c751e8b465ee728b)
Start importing Assets/_Game/Gameplay/Prefabs/Bullets/bulletA3 (Dogo) Doom.prefab using Guid(a45d6fba39724594fb288b144a1fe066) Importer(815301076,1909f56bfc062723c751e8b465ee728b)  -> (artifact id: '8a5bd9e87ba24ffc5203a366ebc11e1a') in 0.033593 seconds 
  Import took 0.047638 seconds .

========================================================================
Received Import Request.
  Time since last request: 0.007462 seconds.
  path: Assets/_Game/Gameplay/Prefabs/Bullets/bulletA3 (Dogo) Doom.prefab
  artifactKey: Guid(a45d6fba39724594fb288b144a1fe066) Importer(815301076,1909f56bfc062723c751e8b465ee728b)
Start importing Assets/_Game/Gameplay/Prefabs/Bullets/bulletA3 (Dogo) Doom.prefab using Guid(a45d6fba39724594fb288b144a1fe066) Importer(815301076,1909f56bfc062723c751e8b465ee728b)  -> (artifact id: '8a5bd9e87ba24ffc5203a366ebc11e1a') in 0.040775 seconds 
  Import took 0.058417 seconds .

========================================================================
Received Import Request.
  Time since last request: 0.961535 seconds.
  path: Assets/_Game/Gameplay/Prefabs/Bullets/bulletA3 (Dogo) Doom.prefab
  artifactKey: Guid(a45d6fba39724594fb288b144a1fe066) Importer(815301076,1909f56bfc062723c751e8b465ee728b)
Start importing Assets/_Game/Gameplay/Prefabs/Bullets/bulletA3 (Dogo) Doom.prefab using Guid(a45d6fba39724594fb288b144a1fe066) Importer(815301076,1909f56bfc062723c751e8b465ee728b)  -> (artifact id: 'f2fd0c9120182824e899f1ff6936ad09') in 0.042271 seconds 
  Import took 0.052959 seconds .

========================================================================
Received Import Request.
  Time since last request: 14.646195 seconds.
  path: Assets/_Game/Gameplay/Prefabs/Bullets/bulletA3 (Dogo) Doom.prefab
  artifactKey: Guid(a45d6fba39724594fb288b144a1fe066) Importer(815301076,1909f56bfc062723c751e8b465ee728b)
Start importing Assets/_Game/Gameplay/Prefabs/Bullets/bulletA3 (Dogo) Doom.prefab using Guid(a45d6fba39724594fb288b144a1fe066) Importer(815301076,1909f56bfc062723c751e8b465ee728b)  -> (artifact id: '387e9f150ae75057ee58f5c255dc9b73') in 0.037739 seconds 
  Import took 0.048632 seconds .

========================================================================
Received Import Request.
  Time since last request: 1075.492796 seconds.
  path: Assets/_Game/Gameplay/Script/Player/Data/Data CharacterProperty/CharacterB1 (Tigre).asset
  artifactKey: Guid(2f3e6f6a2e4cb5045b8f0ad592ebf8df) Importer(815301076,1909f56bfc062723c751e8b465ee728b)
Start importing Assets/_Game/Gameplay/Script/Player/Data/Data CharacterProperty/CharacterB1 (Tigre).asset using Guid(2f3e6f6a2e4cb5045b8f0ad592ebf8df) Importer(815301076,1909f56bfc062723c751e8b465ee728b)  -> (artifact id: '2e96aa9df04f780cb8e7c290b2b59195') in 0.131221 seconds 
  Import took 0.153683 seconds .

========================================================================
Received Import Request.
  Time since last request: 51.497755 seconds.
  path: Assets/_Game/Gameplay/Prefabs/Characters/CharacterB1 (Tigre).prefab
  artifactKey: Guid(12f2e5c6bfc402b41a633e33bd8af885) Importer(815301076,1909f56bfc062723c751e8b465ee728b)
Start importing Assets/_Game/Gameplay/Prefabs/Characters/CharacterB1 (Tigre).prefab using Guid(12f2e5c6bfc402b41a633e33bd8af885) Importer(815301076,1909f56bfc062723c751e8b465ee728b) Asset 'CharacterB1 - Tiger': Transition 'death -> Exit' in state 'death' doesn't have an Exit Time or any condition, transition will be ignored
UnityEngine.StackTraceUtility:ExtractStackTrace ()
UnityEditor.EditorUtility:Internal_InstantiateRemoveAllNonAnimationComponentsSingle (UnityEngine.Object,UnityEngine.Vector3,UnityEngine.Quaternion)
UnityEditor.EditorUtility:InstantiateRemoveAllNonAnimationComponents (UnityEngine.Object,UnityEngine.Vector3,UnityEngine.Quaternion)
UnityEditor.EditorUtility:InstantiateForAnimatorPreview (UnityEngine.Object)
UnityEditor.GameObjectInspector/PreviewData:UpdateGameObject (UnityEngine.Object)
UnityEditor.GameObjectInspector/PreviewData:.ctor (UnityEngine.Object)
UnityEditor.GameObjectInspector:GetPreviewData ()
UnityEditor.GameObjectInspector:RenderStaticPreview (string,UnityEngine.Object[],int,int)
UnityEditor.AssetPreviewUpdater:CreatePreviewForAsset (UnityEngine.Object,UnityEngine.Object[],string)

[C:\buildslave\unity\build\Editor/Src/Animation/StateMachine.cpp line 1847]

 -> (artifact id: '6b1234c36721db9eb792f53f86264dfb') in 0.124754 seconds 
  Import took 0.138031 seconds .

========================================================================
Received Import Request.
  Time since last request: 16.773519 seconds.
  path: Assets/_Game/Gameplay/Prefabs/Characters/CharacterB2 (Bode).prefab
  artifactKey: Guid(4a1db3bbd7a0cf74c88b59ffedef2661) Importer(815301076,1909f56bfc062723c751e8b465ee728b)
Start importing Assets/_Game/Gameplay/Prefabs/Characters/CharacterB2 (Bode).prefab using Guid(4a1db3bbd7a0cf74c88b59ffedef2661) Importer(815301076,1909f56bfc062723c751e8b465ee728b) Asset 'CharacterB2 - Bode': Transition 'death -> Exit' in state 'death' doesn't have an Exit Time or any condition, transition will be ignored
UnityEngine.StackTraceUtility:ExtractStackTrace ()
UnityEditor.EditorUtility:Internal_InstantiateRemoveAllNonAnimationComponentsSingle (UnityEngine.Object,UnityEngine.Vector3,UnityEngine.Quaternion)
UnityEditor.EditorUtility:InstantiateRemoveAllNonAnimationComponents (UnityEngine.Object,UnityEngine.Vector3,UnityEngine.Quaternion)
UnityEditor.EditorUtility:InstantiateForAnimatorPreview (UnityEngine.Object)
UnityEditor.GameObjectInspector/PreviewData:UpdateGameObject (UnityEngine.Object)
UnityEditor.GameObjectInspector/PreviewData:.ctor (UnityEngine.Object)
UnityEditor.GameObjectInspector:GetPreviewData ()
UnityEditor.GameObjectInspector:RenderStaticPreview (string,UnityEngine.Object[],int,int)
UnityEditor.AssetPreviewUpdater:CreatePreviewForAsset (UnityEngine.Object,UnityEngine.Object[],string)

[C:\buildslave\unity\build\Editor/Src/Animation/StateMachine.cpp line 1847]

 -> (artifact id: 'c1cc53afcb4e3ec6b6d6ff888aa91cc6') in 0.128970 seconds 
  Import took 0.150993 seconds .

========================================================================
Received Import Request.
  Time since last request: 68.953461 seconds.
  path: Assets/_Game/Gameplay/Prefabs/Characters/CharacterB3 (Boi).prefab
  artifactKey: Guid(14197412aef4ba34a835549ab47a8e81) Importer(815301076,1909f56bfc062723c751e8b465ee728b)
Start importing Assets/_Game/Gameplay/Prefabs/Characters/CharacterB3 (Boi).prefab using Guid(14197412aef4ba34a835549ab47a8e81) Importer(815301076,1909f56bfc062723c751e8b465ee728b) Asset 'CharacterB3 - Boi': Transition 'death -> Exit' in state 'death' doesn't have an Exit Time or any condition, transition will be ignored
UnityEngine.StackTraceUtility:ExtractStackTrace ()
UnityEditor.EditorUtility:Internal_InstantiateRemoveAllNonAnimationComponentsSingle (UnityEngine.Object,UnityEngine.Vector3,UnityEngine.Quaternion)
UnityEditor.EditorUtility:InstantiateRemoveAllNonAnimationComponents (UnityEngine.Object,UnityEngine.Vector3,UnityEngine.Quaternion)
UnityEditor.EditorUtility:InstantiateForAnimatorPreview (UnityEngine.Object)
UnityEditor.GameObjectInspector/PreviewData:UpdateGameObject (UnityEngine.Object)
UnityEditor.GameObjectInspector/PreviewData:.ctor (UnityEngine.Object)
UnityEditor.GameObjectInspector:GetPreviewData ()
UnityEditor.GameObjectInspector:RenderStaticPreview (string,UnityEngine.Object[],int,int)
UnityEditor.AssetPreviewUpdater:CreatePreviewForAsset (UnityEngine.Object,UnityEngine.Object[],string)

[C:\buildslave\unity\build\Editor/Src/Animation/StateMachine.cpp line 1847]

 -> (artifact id: 'f4f9579ca1224b3da70da110d88580f4') in 0.125772 seconds 
  Import took 0.133185 seconds .

========================================================================
Received Import Request.
  Time since last request: 1.222052 seconds.
  path: Assets/_Game/Gameplay/Script/Player/Data/Data CharacterProperty/CharacterB3 (Boi).asset
  artifactKey: Guid(007e9dd673bbffb489287a1dc7d138fc) Importer(815301076,1909f56bfc062723c751e8b465ee728b)
Start importing Assets/_Game/Gameplay/Script/Player/Data/Data CharacterProperty/CharacterB3 (Boi).asset using Guid(007e9dd673bbffb489287a1dc7d138fc) Importer(815301076,1909f56bfc062723c751e8b465ee728b)  -> (artifact id: '42e36324eb2a7ebdb5ebfc93dba137b6') in 0.051545 seconds 
  Import took 0.062135 seconds .

========================================================================
Received Import Request.
  Time since last request: 12.855638 seconds.
  path: Assets/_Game/Gameplay/Prefabs/Characters/CharacterA4 (Rato).prefab
  artifactKey: Guid(e9057c10a006dc54ab1f1d5674ef7f87) Importer(815301076,1909f56bfc062723c751e8b465ee728b)
Start importing Assets/_Game/Gameplay/Prefabs/Characters/CharacterA4 (Rato).prefab using Guid(e9057c10a006dc54ab1f1d5674ef7f87) Importer(815301076,1909f56bfc062723c751e8b465ee728b) Asset 'CharacterA4 - Rato': Transition 'death -> Exit' in state 'death' doesn't have an Exit Time or any condition, transition will be ignored
UnityEngine.StackTraceUtility:ExtractStackTrace ()
UnityEditor.EditorUtility:Internal_InstantiateRemoveAllNonAnimationComponentsSingle (UnityEngine.Object,UnityEngine.Vector3,UnityEngine.Quaternion)
UnityEditor.EditorUtility:InstantiateRemoveAllNonAnimationComponents (UnityEngine.Object,UnityEngine.Vector3,UnityEngine.Quaternion)
UnityEditor.EditorUtility:InstantiateForAnimatorPreview (UnityEngine.Object)
UnityEditor.GameObjectInspector/PreviewData:UpdateGameObject (UnityEngine.Object)
UnityEditor.GameObjectInspector/PreviewData:.ctor (UnityEngine.Object)
UnityEditor.GameObjectInspector:GetPreviewData ()
UnityEditor.GameObjectInspector:RenderStaticPreview (string,UnityEngine.Object[],int,int)
UnityEditor.AssetPreviewUpdater:CreatePreviewForAsset (UnityEngine.Object,UnityEngine.Object[],string)

[C:\buildslave\unity\build\Editor/Src/Animation/StateMachine.cpp line 1847]

 -> (artifact id: 'a536855663edfd4fad1d6be40c2b6a8b') in 0.102257 seconds 
  Import took 0.119749 seconds .

========================================================================
Received Import Request.
  Time since last request: 23.574483 seconds.
  path: Assets/_Game/Gameplay/Prefabs/Characters/CharacterB4 (Cavalo).prefab
  artifactKey: Guid(81364f8eb5e41384bad2c74245e9fb3e) Importer(815301076,1909f56bfc062723c751e8b465ee728b)
Start importing Assets/_Game/Gameplay/Prefabs/Characters/CharacterB4 (Cavalo).prefab using Guid(81364f8eb5e41384bad2c74245e9fb3e) Importer(815301076,1909f56bfc062723c751e8b465ee728b) Asset 'CharacterB4 - Cavalo': Transition 'death -> Exit' in state 'death' doesn't have an Exit Time or any condition, transition will be ignored
UnityEngine.StackTraceUtility:ExtractStackTrace ()
UnityEditor.EditorUtility:Internal_InstantiateRemoveAllNonAnimationComponentsSingle (UnityEngine.Object,UnityEngine.Vector3,UnityEngine.Quaternion)
UnityEditor.EditorUtility:InstantiateRemoveAllNonAnimationComponents (UnityEngine.Object,UnityEngine.Vector3,UnityEngine.Quaternion)
UnityEditor.EditorUtility:InstantiateForAnimatorPreview (UnityEngine.Object)
UnityEditor.GameObjectInspector/PreviewData:UpdateGameObject (UnityEngine.Object)
UnityEditor.GameObjectInspector/PreviewData:.ctor (UnityEngine.Object)
UnityEditor.GameObjectInspector:GetPreviewData ()
UnityEditor.GameObjectInspector:RenderStaticPreview (string,UnityEngine.Object[],int,int)
UnityEditor.AssetPreviewUpdater:CreatePreviewForAsset (UnityEngine.Object,UnityEngine.Object[],string)

[C:\buildslave\unity\build\Editor/Src/Animation/StateMachine.cpp line 1847]

 -> (artifact id: '7417a3c637cc8d1d9089735305f12447') in 0.188033 seconds 
  Import took 0.215816 seconds .

========================================================================
Received Import Request.
  Time since last request: 1.138509 seconds.
  path: Assets/_Game/Gameplay/Script/Player/Data/Data CharacterProperty/CharacterB4 (Cavalo).asset
  artifactKey: Guid(33ead3c1baade814e8521c271dc4b11a) Importer(815301076,1909f56bfc062723c751e8b465ee728b)
Start importing Assets/_Game/Gameplay/Script/Player/Data/Data CharacterProperty/CharacterB4 (Cavalo).asset using Guid(33ead3c1baade814e8521c271dc4b11a) Importer(815301076,1909f56bfc062723c751e8b465ee728b)  -> (artifact id: '8989c5f2918e69744588c0a511523d2e') in 0.055978 seconds 
  Import took 0.065445 seconds .

========================================================================
Received Import Request.
  Time since last request: 11.445816 seconds.
  path: Assets/_Game/Gameplay/Script/Player/Data/Data CharacterProperty/CharacterB4 (Cavalo).asset
  artifactKey: Guid(33ead3c1baade814e8521c271dc4b11a) Importer(815301076,1909f56bfc062723c751e8b465ee728b)
Start importing Assets/_Game/Gameplay/Script/Player/Data/Data CharacterProperty/CharacterB4 (Cavalo).asset using Guid(33ead3c1baade814e8521c271dc4b11a) Importer(815301076,1909f56bfc062723c751e8b465ee728b)  -> (artifact id: '526138ca595e548476cf7c9448600950') in 0.047147 seconds 
  Import took 0.068520 seconds .

========================================================================
Received Prepare
Registering precompiled user dll's ...
Registered in 0.008724 seconds.
Script error: OnCollisionEnter
The message must have 0 or 1 parameters.
The message will be ignored.

Script error: OnCollisionEnter
The message must have 0 or 1 parameters.
The message will be ignored.

Script error: OnCollisionEnter
The message must have 0 or 1 parameters.
The message will be ignored.

Script error: OnCollisionEnter
The message must have 0 or 1 parameters.
The message will be ignored.

Begin MonoManager ReloadAssembly
Script error: OnCollisionEnter
The message must have 0 or 1 parameters.
The message will be ignored.

Script error: OnCollisionEnter
The message must have 0 or 1 parameters.
The message will be ignored.

Script error: OnCollisionEnter
The message must have 0 or 1 parameters.
The message will be ignored.

Script error: OnCollisionEnter
The message must have 0 or 1 parameters.
The message will be ignored.

Native extension for WindowsStandalone target not found
Native extension for WebGL target not found
Refreshing native plugins compatible for Editor in 0.97 ms, found 3 plugins.
Preloading 0 native plugins for Editor in 0.00 ms.
Mono: successfully reloaded assembly
- Completed reload, in  1.663 seconds
Domain Reload Profiling:
	ReloadAssembly (1666ms)
		BeginReloadAssembly (256ms)
			ExecutionOrderSort (0ms)
			DisableScriptedObjects (18ms)
			BackupInstance (0ms)
			ReleaseScriptingObjects (0ms)
			CreateAndSetChildDomain (128ms)
		EndReloadAssembly (1316ms)
			LoadAssemblies (125ms)
			RebuildTransferFunctionScriptingTraits (0ms)
			SetupTypeCache (559ms)
			ReleaseScriptCaches (4ms)
			RebuildScriptCaches (120ms)
			SetupLoadedEditorAssemblies (413ms)
				LogAssemblyErrors (0ms)
				InitializePlatformSupportModulesInManaged (7ms)
				SetLoadedEditorAssemblies (1ms)
				RefreshPlugins (1ms)
				BeforeProcessingInitializeOnLoad (136ms)
				ProcessInitializeOnLoadAttributes (251ms)
				ProcessInitializeOnLoadMethodAttributes (11ms)
				AfterProcessingInitializeOnLoad (5ms)
				EditorAssembliesLoaded (0ms)
			ExecutionOrderSort2 (0ms)
			AwakeInstancesAfterBackupRestoration (11ms)
Platform modules already initialized, skipping
Refreshing native plugins compatible for Editor in 0.84 ms, found 3 plugins.
Preloading 0 native plugins for Editor in 0.00 ms.
Unloading 3197 Unused Serialized files (Serialized files now loaded: 0)
System memory in use before: 132.4 MB.
System memory in use after: 132.6 MB.

Unloading 26 unused Assets to reduce memory usage. Loaded Objects now: 3677.
Total: 4.239500 ms (FindLiveObjects: 0.307600 ms CreateObjectMapping: 0.171300 ms MarkObjects: 3.673600 ms  DeleteObjects: 0.085700 ms)

AssetImportParameters requested are different than current active one (requested -> active):
  custom:framework-win-MediaFoundation: 216162199b28c13a410421893ffa2e32 -> 
  custom:video-decoder-ogg-theora: a1e56fd34408186e4bbccfd4996cb3dc -> 
  custom:container-muxer-webm: aa71ff27fc2769a1b78a27578f13a17b -> 
  custom:container-demuxer-webm: 4f35f7cbe854078d1ac9338744f61a02 -> 
  custom:container-demuxer-ogg: 62fdf1f143b41e24485cea50d1cbac27 -> 
  custom:video-encoder-webm-vp8: eb34c28f22e8b96e1ab97ce403110664 -> 
  custom:video-decoder-webm-vp8: 9c59270c3fd7afecdb556c50c9e8de78 -> 
  custom:audio-decoder-ogg-vorbis: bf7c407c2cedff20999df2af8eb42d56 -> 
  custom:audio-encoder-webm-vorbis: bf7c407c2cedff20999df2af8eb42d56 -> 
========================================================================
Received Prepare
Registering precompiled user dll's ...
Registered in 0.006849 seconds.
Script error: OnCollisionEnter
The message must have 0 or 1 parameters.
The message will be ignored.

Script error: OnCollisionEnter
The message must have 0 or 1 parameters.
The message will be ignored.

Script error: OnCollisionEnter
The message must have 0 or 1 parameters.
The message will be ignored.

Script error: OnCollisionEnter
The message must have 0 or 1 parameters.
The message will be ignored.

Begin MonoManager ReloadAssembly
Script error: OnCollisionEnter
The message must have 0 or 1 parameters.
The message will be ignored.

Script error: OnCollisionEnter
The message must have 0 or 1 parameters.
The message will be ignored.

Script error: OnCollisionEnter
The message must have 0 or 1 parameters.
The message will be ignored.

Script error: OnCollisionEnter
The message must have 0 or 1 parameters.
The message will be ignored.

Native extension for WindowsStandalone target not found
Native extension for WebGL target not found
Refreshing native plugins compatible for Editor in 1.55 ms, found 3 plugins.
Preloading 0 native plugins for Editor in 0.00 ms.
Mono: successfully reloaded assembly
- Completed reload, in  1.229 seconds
Domain Reload Profiling:
	ReloadAssembly (1230ms)
		BeginReloadAssembly (129ms)
			ExecutionOrderSort (0ms)
			DisableScriptedObjects (7ms)
			BackupInstance (0ms)
			ReleaseScriptingObjects (0ms)
			CreateAndSetChildDomain (44ms)
		EndReloadAssembly (1006ms)
			LoadAssemblies (112ms)
			RebuildTransferFunctionScriptingTraits (0ms)
			SetupTypeCache (398ms)
			ReleaseScriptCaches (2ms)
			RebuildScriptCaches (58ms)
			SetupLoadedEditorAssemblies (326ms)
				LogAssemblyErrors (0ms)
				InitializePlatformSupportModulesInManaged (10ms)
				SetLoadedEditorAssemblies (1ms)
				RefreshPlugins (2ms)
				BeforeProcessingInitializeOnLoad (100ms)
				ProcessInitializeOnLoadAttributes (194ms)
				ProcessInitializeOnLoadMethodAttributes (12ms)
				AfterProcessingInitializeOnLoad (8ms)
				EditorAssembliesLoaded (0ms)
			ExecutionOrderSort2 (0ms)
			AwakeInstancesAfterBackupRestoration (9ms)
Platform modules already initialized, skipping
Refreshing native plugins compatible for Editor in 0.84 ms, found 3 plugins.
Preloading 0 native plugins for Editor in 0.00 ms.
Unloading 3197 Unused Serialized files (Serialized files now loaded: 0)
System memory in use before: 132.4 MB.
System memory in use after: 132.7 MB.

Unloading 24 unused Assets to reduce memory usage. Loaded Objects now: 3679.
Total: 6.167400 ms (FindLiveObjects: 0.511400 ms CreateObjectMapping: 0.468800 ms MarkObjects: 5.162900 ms  DeleteObjects: 0.023000 ms)

AssetImportParameters requested are different than current active one (requested -> active):
  custom:framework-win-MediaFoundation: 216162199b28c13a410421893ffa2e32 -> 
  custom:video-decoder-ogg-theora: a1e56fd34408186e4bbccfd4996cb3dc -> 
  custom:container-muxer-webm: aa71ff27fc2769a1b78a27578f13a17b -> 
  custom:container-demuxer-webm: 4f35f7cbe854078d1ac9338744f61a02 -> 
  custom:container-demuxer-ogg: 62fdf1f143b41e24485cea50d1cbac27 -> 
  custom:video-encoder-webm-vp8: eb34c28f22e8b96e1ab97ce403110664 -> 
  custom:video-decoder-webm-vp8: 9c59270c3fd7afecdb556c50c9e8de78 -> 
  custom:audio-decoder-ogg-vorbis: bf7c407c2cedff20999df2af8eb42d56 -> 
  custom:audio-encoder-webm-vorbis: bf7c407c2cedff20999df2af8eb42d56 -> 
========================================================================
Received Prepare
Registering precompiled user dll's ...
Registered in 0.008999 seconds.
Script error: OnCollisionEnter
The message must have 0 or 1 parameters.
The message will be ignored.

Script error: OnCollisionEnter
The message must have 0 or 1 parameters.
The message will be ignored.

Script error: OnCollisionEnter
The message must have 0 or 1 parameters.
The message will be ignored.

Script error: OnCollisionEnter
The message must have 0 or 1 parameters.
The message will be ignored.

Begin MonoManager ReloadAssembly
Script error: OnCollisionEnter
The message must have 0 or 1 parameters.
The message will be ignored.

Script error: OnCollisionEnter
The message must have 0 or 1 parameters.
The message will be ignored.

Script error: OnCollisionEnter
The message must have 0 or 1 parameters.
The message will be ignored.

Script error: OnCollisionEnter
The message must have 0 or 1 parameters.
The message will be ignored.

Native extension for WindowsStandalone target not found
Native extension for WebGL target not found
Refreshing native plugins compatible for Editor in 1.31 ms, found 3 plugins.
Preloading 0 native plugins for Editor in 0.00 ms.
Mono: successfully reloaded assembly
- Completed reload, in  1.447 seconds
Domain Reload Profiling:
	ReloadAssembly (1447ms)
		BeginReloadAssembly (137ms)
			ExecutionOrderSort (0ms)
			DisableScriptedObjects (5ms)
			BackupInstance (0ms)
			ReleaseScriptingObjects (0ms)
			CreateAndSetChildDomain (45ms)
		EndReloadAssembly (1209ms)
			LoadAssemblies (126ms)
			RebuildTransferFunctionScriptingTraits (0ms)
			SetupTypeCache (461ms)
			ReleaseScriptCaches (2ms)
			RebuildScriptCaches (99ms)
			SetupLoadedEditorAssemblies (401ms)
				LogAssemblyErrors (0ms)
				InitializePlatformSupportModulesInManaged (11ms)
				SetLoadedEditorAssemblies (1ms)
				RefreshPlugins (1ms)
				BeforeProcessingInitializeOnLoad (157ms)
				ProcessInitializeOnLoadAttributes (215ms)
				ProcessInitializeOnLoadMethodAttributes (11ms)
				AfterProcessingInitializeOnLoad (5ms)
				EditorAssembliesLoaded (0ms)
			ExecutionOrderSort2 (0ms)
			AwakeInstancesAfterBackupRestoration (12ms)
Platform modules already initialized, skipping
Refreshing native plugins compatible for Editor in 1.02 ms, found 3 plugins.
Preloading 0 native plugins for Editor in 0.00 ms.
Unloading 3197 Unused Serialized files (Serialized files now loaded: 0)
System memory in use before: 132.5 MB.
System memory in use after: 132.7 MB.

Unloading 24 unused Assets to reduce memory usage. Loaded Objects now: 3681.
Total: 4.896200 ms (FindLiveObjects: 0.413500 ms CreateObjectMapping: 0.265600 ms MarkObjects: 4.178400 ms  DeleteObjects: 0.037300 ms)

AssetImportParameters requested are different than current active one (requested -> active):
  custom:framework-win-MediaFoundation: 216162199b28c13a410421893ffa2e32 -> 
  custom:video-decoder-ogg-theora: a1e56fd34408186e4bbccfd4996cb3dc -> 
  custom:container-muxer-webm: aa71ff27fc2769a1b78a27578f13a17b -> 
  custom:container-demuxer-webm: 4f35f7cbe854078d1ac9338744f61a02 -> 
  custom:container-demuxer-ogg: 62fdf1f143b41e24485cea50d1cbac27 -> 
  custom:video-encoder-webm-vp8: eb34c28f22e8b96e1ab97ce403110664 -> 
  custom:video-decoder-webm-vp8: 9c59270c3fd7afecdb556c50c9e8de78 -> 
  custom:audio-decoder-ogg-vorbis: bf7c407c2cedff20999df2af8eb42d56 -> 
  custom:audio-encoder-webm-vorbis: bf7c407c2cedff20999df2af8eb42d56 -> 
========================================================================
Received Prepare
Registering precompiled user dll's ...
Registered in 0.006703 seconds.
Script error: OnCollisionEnter
The message must have 0 or 1 parameters.
The message will be ignored.

Script error: OnCollisionEnter
The message must have 0 or 1 parameters.
The message will be ignored.

Script error: OnCollisionEnter
The message must have 0 or 1 parameters.
The message will be ignored.

Script error: OnCollisionEnter
The message must have 0 or 1 parameters.
The message will be ignored.

Begin MonoManager ReloadAssembly
Script error: OnCollisionEnter
The message must have 0 or 1 parameters.
The message will be ignored.

Script error: OnCollisionEnter
The message must have 0 or 1 parameters.
The message will be ignored.

Script error: OnCollisionEnter
The message must have 0 or 1 parameters.
The message will be ignored.

Script error: OnCollisionEnter
The message must have 0 or 1 parameters.
The message will be ignored.

Native extension for WindowsStandalone target not found
Native extension for WebGL target not found
Refreshing native plugins compatible for Editor in 0.87 ms, found 3 plugins.
Preloading 0 native plugins for Editor in 0.00 ms.
Mono: successfully reloaded assembly
- Completed reload, in  1.309 seconds
Domain Reload Profiling:
	ReloadAssembly (1309ms)
		BeginReloadAssembly (139ms)
			ExecutionOrderSort (0ms)
			DisableScriptedObjects (6ms)
			BackupInstance (0ms)
			ReleaseScriptingObjects (0ms)
			CreateAndSetChildDomain (45ms)
		EndReloadAssembly (1107ms)
			LoadAssemblies (117ms)
			RebuildTransferFunctionScriptingTraits (0ms)
			SetupTypeCache (393ms)
			ReleaseScriptCaches (3ms)
			RebuildScriptCaches (59ms)
			SetupLoadedEditorAssemblies (432ms)
				LogAssemblyErrors (0ms)
				InitializePlatformSupportModulesInManaged (5ms)
				SetLoadedEditorAssemblies (0ms)
				RefreshPlugins (1ms)
				BeforeProcessingInitializeOnLoad (175ms)
				ProcessInitializeOnLoadAttributes (232ms)
				ProcessInitializeOnLoadMethodAttributes (11ms)
				AfterProcessingInitializeOnLoad (7ms)
				EditorAssembliesLoaded (0ms)
			ExecutionOrderSort2 (0ms)
			AwakeInstancesAfterBackupRestoration (17ms)
Platform modules already initialized, skipping
Refreshing native plugins compatible for Editor in 0.82 ms, found 3 plugins.
Preloading 0 native plugins for Editor in 0.00 ms.
Unloading 3197 Unused Serialized files (Serialized files now loaded: 0)
System memory in use before: 132.5 MB.
System memory in use after: 132.7 MB.

Unloading 24 unused Assets to reduce memory usage. Loaded Objects now: 3683.
Total: 4.272500 ms (FindLiveObjects: 0.646600 ms CreateObjectMapping: 0.273900 ms MarkObjects: 3.306700 ms  DeleteObjects: 0.042800 ms)

AssetImportParameters requested are different than current active one (requested -> active):
  custom:framework-win-MediaFoundation: 216162199b28c13a410421893ffa2e32 -> 
  custom:video-decoder-ogg-theora: a1e56fd34408186e4bbccfd4996cb3dc -> 
  custom:container-muxer-webm: aa71ff27fc2769a1b78a27578f13a17b -> 
  custom:container-demuxer-webm: 4f35f7cbe854078d1ac9338744f61a02 -> 
  custom:container-demuxer-ogg: 62fdf1f143b41e24485cea50d1cbac27 -> 
  custom:video-encoder-webm-vp8: eb34c28f22e8b96e1ab97ce403110664 -> 
  custom:video-decoder-webm-vp8: 9c59270c3fd7afecdb556c50c9e8de78 -> 
  custom:audio-decoder-ogg-vorbis: bf7c407c2cedff20999df2af8eb42d56 -> 
  custom:audio-encoder-webm-vorbis: bf7c407c2cedff20999df2af8eb42d56 -> 
========================================================================
Received Prepare
Registering precompiled user dll's ...
Registered in 0.005507 seconds.
Script error: OnCollisionEnter
The message must have 0 or 1 parameters.
The message will be ignored.

Script error: OnCollisionEnter
The message must have 0 or 1 parameters.
The message will be ignored.

Script error: OnCollisionEnter
The message must have 0 or 1 parameters.
The message will be ignored.

Script error: OnCollisionEnter
The message must have 0 or 1 parameters.
The message will be ignored.

Begin MonoManager ReloadAssembly
Script error: OnCollisionEnter
The message must have 0 or 1 parameters.
The message will be ignored.

Script error: OnCollisionEnter
The message must have 0 or 1 parameters.
The message will be ignored.

Script error: OnCollisionEnter
The message must have 0 or 1 parameters.
The message will be ignored.

Script error: OnCollisionEnter
The message must have 0 or 1 parameters.
The message will be ignored.

Native extension for WindowsStandalone target not found
Native extension for WebGL target not found
Refreshing native plugins compatible for Editor in 0.89 ms, found 3 plugins.
Preloading 0 native plugins for Editor in 0.00 ms.
Mono: successfully reloaded assembly
- Completed reload, in  1.612 seconds
Domain Reload Profiling:
	ReloadAssembly (1613ms)
		BeginReloadAssembly (157ms)
			ExecutionOrderSort (0ms)
			DisableScriptedObjects (7ms)
			BackupInstance (0ms)
			ReleaseScriptingObjects (0ms)
			CreateAndSetChildDomain (58ms)
		EndReloadAssembly (1379ms)
			LoadAssemblies (184ms)
			RebuildTransferFunctionScriptingTraits (0ms)
			SetupTypeCache (567ms)
			ReleaseScriptCaches (2ms)
			RebuildScriptCaches (62ms)
			SetupLoadedEditorAssemblies (418ms)
				LogAssemblyErrors (0ms)
				InitializePlatformSupportModulesInManaged (6ms)
				SetLoadedEditorAssemblies (0ms)
				RefreshPlugins (1ms)
				BeforeProcessingInitializeOnLoad (131ms)
				ProcessInitializeOnLoadAttributes (253ms)
				ProcessInitializeOnLoadMethodAttributes (17ms)
				AfterProcessingInitializeOnLoad (8ms)
				EditorAssembliesLoaded (0ms)
			ExecutionOrderSort2 (0ms)
			AwakeInstancesAfterBackupRestoration (15ms)
Platform modules already initialized, skipping
Refreshing native plugins compatible for Editor in 0.82 ms, found 3 plugins.
Preloading 0 native plugins for Editor in 0.00 ms.
Unloading 3197 Unused Serialized files (Serialized files now loaded: 0)
System memory in use before: 132.5 MB.
System memory in use after: 132.7 MB.

Unloading 24 unused Assets to reduce memory usage. Loaded Objects now: 3685.
Total: 3.168300 ms (FindLiveObjects: 0.318400 ms CreateObjectMapping: 0.171000 ms MarkObjects: 2.661600 ms  DeleteObjects: 0.016300 ms)

AssetImportParameters requested are different than current active one (requested -> active):
  custom:framework-win-MediaFoundation: 216162199b28c13a410421893ffa2e32 -> 
  custom:video-decoder-ogg-theora: a1e56fd34408186e4bbccfd4996cb3dc -> 
  custom:container-muxer-webm: aa71ff27fc2769a1b78a27578f13a17b -> 
  custom:container-demuxer-webm: 4f35f7cbe854078d1ac9338744f61a02 -> 
  custom:container-demuxer-ogg: 62fdf1f143b41e24485cea50d1cbac27 -> 
  custom:video-encoder-webm-vp8: eb34c28f22e8b96e1ab97ce403110664 -> 
  custom:video-decoder-webm-vp8: 9c59270c3fd7afecdb556c50c9e8de78 -> 
  custom:audio-decoder-ogg-vorbis: bf7c407c2cedff20999df2af8eb42d56 -> 
  custom:audio-encoder-webm-vorbis: bf7c407c2cedff20999df2af8eb42d56 -> 
========================================================================
Received Import Request.
  Time since last request: 762.921240 seconds.
  path: Assets/_Game/Gameplay/Animations/UI/Text_Score.controller
  artifactKey: Guid(6f6b0d002b8a34547bc2d5b55562bd5a) Importer(815301076,1909f56bfc062723c751e8b465ee728b)
Start importing Assets/_Game/Gameplay/Animations/UI/Text_Score.controller using Guid(6f6b0d002b8a34547bc2d5b55562bd5a) Importer(815301076,1909f56bfc062723c751e8b465ee728b)  -> (artifact id: '72993ef8a7e54cf00643ce05dd60cc6d') in 0.055600 seconds 
  Import took 0.070363 seconds .

========================================================================
Received Import Request.
  Time since last request: 13.528661 seconds.
  path: Assets/_Game/Gameplay/Animations/UI/ScoreReact.anim
  artifactKey: Guid(644c635ea28b03643a227817f13c26ca) Importer(815301076,1909f56bfc062723c751e8b465ee728b)
Start importing Assets/_Game/Gameplay/Animations/UI/ScoreReact.anim using Guid(644c635ea28b03643a227817f13c26ca) Importer(815301076,1909f56bfc062723c751e8b465ee728b)  -> (artifact id: '4656fd0918475be0e44c75d84db6d5d9') in 0.016361 seconds 
  Import took 0.023167 seconds .

========================================================================
Received Import Request.
  Time since last request: 3.368355 seconds.
  path: Assets/_Game/Gameplay/Animations/UI/ScoreReact.anim
  artifactKey: Guid(644c635ea28b03643a227817f13c26ca) Importer(815301076,1909f56bfc062723c751e8b465ee728b)
Start importing Assets/_Game/Gameplay/Animations/UI/ScoreReact.anim using Guid(644c635ea28b03643a227817f13c26ca) Importer(815301076,1909f56bfc062723c751e8b465ee728b)  -> (artifact id: '657c8b492bea62f3aedb6d496300d33a') in 0.005793 seconds 
  Import took 0.020113 seconds .

========================================================================
Received Import Request.
  Time since last request: 18.688304 seconds.
  path: Assets/_Game/Gameplay/Prefabs/Characters/CharacterA1 (Gato).prefab
  artifactKey: Guid(36bc9181f7209eb48b03e7deca7f67e3) Importer(815301076,1909f56bfc062723c751e8b465ee728b)
Start importing Assets/_Game/Gameplay/Prefabs/Characters/CharacterA1 (Gato).prefab using Guid(36bc9181f7209eb48b03e7deca7f67e3) Importer(815301076,1909f56bfc062723c751e8b465ee728b) Asset 'CharacterA1 - Gato': Transition 'death -> Exit' in state 'death' doesn't have an Exit Time or any condition, transition will be ignored
UnityEngine.StackTraceUtility:ExtractStackTrace ()
UnityEditor.EditorUtility:Internal_InstantiateRemoveAllNonAnimationComponentsSingle (UnityEngine.Object,UnityEngine.Vector3,UnityEngine.Quaternion)
UnityEditor.EditorUtility:InstantiateRemoveAllNonAnimationComponents (UnityEngine.Object,UnityEngine.Vector3,UnityEngine.Quaternion)
UnityEditor.EditorUtility:InstantiateForAnimatorPreview (UnityEngine.Object)
UnityEditor.GameObjectInspector/PreviewData:UpdateGameObject (UnityEngine.Object)
UnityEditor.GameObjectInspector/PreviewData:.ctor (UnityEngine.Object)
UnityEditor.GameObjectInspector:GetPreviewData ()
UnityEditor.GameObjectInspector:RenderStaticPreview (string,UnityEngine.Object[],int,int)
UnityEditor.AssetPreviewUpdater:CreatePreviewForAsset (UnityEngine.Object,UnityEngine.Object[],string)

[C:\buildslave\unity\build\Editor/Src/Animation/StateMachine.cpp line 1847]

Asset 'CharacterA1 - Gato': Transition 'dash -> pos-dash' in state 'dash' doesn't have an Exit Time or any condition, transition will be ignored
UnityEngine.StackTraceUtility:ExtractStackTrace ()
UnityEditor.EditorUtility:Internal_InstantiateRemoveAllNonAnimationComponentsSingle (UnityEngine.Object,UnityEngine.Vector3,UnityEngine.Quaternion)
UnityEditor.EditorUtility:InstantiateRemoveAllNonAnimationComponents (UnityEngine.Object,UnityEngine.Vector3,UnityEngine.Quaternion)
UnityEditor.EditorUtility:InstantiateForAnimatorPreview (UnityEngine.Object)
UnityEditor.GameObjectInspector/PreviewData:UpdateGameObject (UnityEngine.Object)
UnityEditor.GameObjectInspector/PreviewData:.ctor (UnityEngine.Object)
UnityEditor.GameObjectInspector:GetPreviewData ()
UnityEditor.GameObjectInspector:RenderStaticPreview (string,UnityEngine.Object[],int,int)
UnityEditor.AssetPreviewUpdater:CreatePreviewForAsset (UnityEngine.Object,UnityEngine.Object[],string)

[C:\buildslave\unity\build\Editor/Src/Animation/StateMachine.cpp line 1847]

 -> (artifact id: 'fa6d0e0b209f486c4c90152dfafbce14') in 0.161632 seconds 
  Import took 0.174081 seconds .

========================================================================
Received Import Request.
  Time since last request: 5.202181 seconds.
  path: Assets/_Game/Gameplay/Prefabs/Characters/CharacterB1 (Tigre).prefab
  artifactKey: Guid(12f2e5c6bfc402b41a633e33bd8af885) Importer(815301076,1909f56bfc062723c751e8b465ee728b)
Start importing Assets/_Game/Gameplay/Prefabs/Characters/CharacterB1 (Tigre).prefab using Guid(12f2e5c6bfc402b41a633e33bd8af885) Importer(815301076,1909f56bfc062723c751e8b465ee728b) Asset 'CharacterB1 - Tiger': Transition 'death -> Exit' in state 'death' doesn't have an Exit Time or any condition, transition will be ignored
UnityEngine.StackTraceUtility:ExtractStackTrace ()
UnityEditor.EditorUtility:Internal_InstantiateRemoveAllNonAnimationComponentsSingle (UnityEngine.Object,UnityEngine.Vector3,UnityEngine.Quaternion)
UnityEditor.EditorUtility:InstantiateRemoveAllNonAnimationComponents (UnityEngine.Object,UnityEngine.Vector3,UnityEngine.Quaternion)
UnityEditor.EditorUtility:InstantiateForAnimatorPreview (UnityEngine.Object)
UnityEditor.GameObjectInspector/PreviewData:UpdateGameObject (UnityEngine.Object)
UnityEditor.GameObjectInspector/PreviewData:.ctor (UnityEngine.Object)
UnityEditor.GameObjectInspector:GetPreviewData ()
UnityEditor.GameObjectInspector:RenderStaticPreview (string,UnityEngine.Object[],int,int)
UnityEditor.AssetPreviewUpdater:CreatePreviewForAsset (UnityEngine.Object,UnityEngine.Object[],string)

[C:\buildslave\unity\build\Editor/Src/Animation/StateMachine.cpp line 1847]

 -> (artifact id: '110a2f0ba4f7b96ea28d6aee52056430') in 0.072995 seconds 
  Import took 0.079339 seconds .

========================================================================
Received Prepare
Registering precompiled user dll's ...
Registered in 0.006070 seconds.
Script error: OnCollisionEnter
The message must have 0 or 1 parameters.
The message will be ignored.

Script error: OnCollisionEnter
The message must have 0 or 1 parameters.
The message will be ignored.

Script error: OnCollisionEnter
The message must have 0 or 1 parameters.
The message will be ignored.

Script error: OnCollisionEnter
The message must have 0 or 1 parameters.
The message will be ignored.

Begin MonoManager ReloadAssembly
Script error: OnCollisionEnter
The message must have 0 or 1 parameters.
The message will be ignored.

Script error: OnCollisionEnter
The message must have 0 or 1 parameters.
The message will be ignored.

Script error: OnCollisionEnter
The message must have 0 or 1 parameters.
The message will be ignored.

Script error: OnCollisionEnter
The message must have 0 or 1 parameters.
The message will be ignored.

Native extension for WindowsStandalone target not found
Native extension for WebGL target not found
Refreshing native plugins compatible for Editor in 0.84 ms, found 3 plugins.
Preloading 0 native plugins for Editor in 0.00 ms.
Mono: successfully reloaded assembly
- Completed reload, in  1.245 seconds
Domain Reload Profiling:
	ReloadAssembly (1245ms)
		BeginReloadAssembly (118ms)
			ExecutionOrderSort (0ms)
			DisableScriptedObjects (5ms)
			BackupInstance (0ms)
			ReleaseScriptingObjects (0ms)
			CreateAndSetChildDomain (43ms)
		EndReloadAssembly (1067ms)
			LoadAssemblies (105ms)
			RebuildTransferFunctionScriptingTraits (0ms)
			SetupTypeCache (419ms)
			ReleaseScriptCaches (2ms)
			RebuildScriptCaches (61ms)
			SetupLoadedEditorAssemblies (369ms)
				LogAssemblyErrors (0ms)
				InitializePlatformSupportModulesInManaged (5ms)
				SetLoadedEditorAssemblies (0ms)
				RefreshPlugins (1ms)
				BeforeProcessingInitializeOnLoad (118ms)
				ProcessInitializeOnLoadAttributes (227ms)
				ProcessInitializeOnLoadMethodAttributes (10ms)
				AfterProcessingInitializeOnLoad (7ms)
				EditorAssembliesLoaded (0ms)
			ExecutionOrderSort2 (0ms)
			AwakeInstancesAfterBackupRestoration (10ms)
Platform modules already initialized, skipping
Refreshing native plugins compatible for Editor in 0.89 ms, found 3 plugins.
Preloading 0 native plugins for Editor in 0.00 ms.
Unloading 3197 Unused Serialized files (Serialized files now loaded: 0)
System memory in use before: 133.1 MB.
System memory in use after: 133.3 MB.

Unloading 26 unused Assets to reduce memory usage. Loaded Objects now: 3688.
Total: 3.170100 ms (FindLiveObjects: 0.311700 ms CreateObjectMapping: 0.165700 ms MarkObjects: 2.631400 ms  DeleteObjects: 0.060300 ms)

AssetImportParameters requested are different than current active one (requested -> active):
  custom:framework-win-MediaFoundation: 216162199b28c13a410421893ffa2e32 -> 
  custom:video-decoder-ogg-theora: a1e56fd34408186e4bbccfd4996cb3dc -> 
  custom:container-muxer-webm: aa71ff27fc2769a1b78a27578f13a17b -> 
  custom:container-demuxer-webm: 4f35f7cbe854078d1ac9338744f61a02 -> 
  custom:container-demuxer-ogg: 62fdf1f143b41e24485cea50d1cbac27 -> 
  custom:video-encoder-webm-vp8: eb34c28f22e8b96e1ab97ce403110664 -> 
  custom:video-decoder-webm-vp8: 9c59270c3fd7afecdb556c50c9e8de78 -> 
  custom:audio-decoder-ogg-vorbis: bf7c407c2cedff20999df2af8eb42d56 -> 
  custom:audio-encoder-webm-vorbis: bf7c407c2cedff20999df2af8eb42d56 -> 
========================================================================
Received Prepare
Registering precompiled user dll's ...
Registered in 0.010226 seconds.
Script error: OnCollisionEnter
The message must have 0 or 1 parameters.
The message will be ignored.

Script error: OnCollisionEnter
The message must have 0 or 1 parameters.
The message will be ignored.

Script error: OnCollisionEnter
The message must have 0 or 1 parameters.
The message will be ignored.

Script error: OnCollisionEnter
The message must have 0 or 1 parameters.
The message will be ignored.

Begin MonoManager ReloadAssembly
Script error: OnCollisionEnter
The message must have 0 or 1 parameters.
The message will be ignored.

Script error: OnCollisionEnter
The message must have 0 or 1 parameters.
The message will be ignored.

Script error: OnCollisionEnter
The message must have 0 or 1 parameters.
The message will be ignored.

Script error: OnCollisionEnter
The message must have 0 or 1 parameters.
The message will be ignored.

Native extension for WindowsStandalone target not found
Native extension for WebGL target not found
Refreshing native plugins compatible for Editor in 0.91 ms, found 3 plugins.
Preloading 0 native plugins for Editor in 0.00 ms.
Mono: successfully reloaded assembly
- Completed reload, in  1.436 seconds
Domain Reload Profiling:
	ReloadAssembly (1436ms)
		BeginReloadAssembly (228ms)
			ExecutionOrderSort (0ms)
			DisableScriptedObjects (19ms)
			BackupInstance (0ms)
			ReleaseScriptingObjects (0ms)
			CreateAndSetChildDomain (86ms)
		EndReloadAssembly (1114ms)
			LoadAssemblies (178ms)
			RebuildTransferFunctionScriptingTraits (0ms)
			SetupTypeCache (399ms)
			ReleaseScriptCaches (2ms)
			RebuildScriptCaches (55ms)
			SetupLoadedEditorAssemblies (399ms)
				LogAssemblyErrors (0ms)
				InitializePlatformSupportModulesInManaged (7ms)
				SetLoadedEditorAssemblies (1ms)
				RefreshPlugins (1ms)
				BeforeProcessingInitializeOnLoad (134ms)
				ProcessInitializeOnLoadAttributes (240ms)
				ProcessInitializeOnLoadMethodAttributes (11ms)
				AfterProcessingInitializeOnLoad (5ms)
				EditorAssembliesLoaded (0ms)
			ExecutionOrderSort2 (0ms)
			AwakeInstancesAfterBackupRestoration (10ms)
Platform modules already initialized, skipping
Refreshing native plugins compatible for Editor in 1.95 ms, found 3 plugins.
Preloading 0 native plugins for Editor in 0.00 ms.
Unloading 3197 Unused Serialized files (Serialized files now loaded: 0)
System memory in use before: 133.1 MB.
System memory in use after: 133.3 MB.

Unloading 24 unused Assets to reduce memory usage. Loaded Objects now: 3690.
Total: 3.276100 ms (FindLiveObjects: 0.366600 ms CreateObjectMapping: 0.206100 ms MarkObjects: 2.684600 ms  DeleteObjects: 0.017400 ms)

AssetImportParameters requested are different than current active one (requested -> active):
  custom:framework-win-MediaFoundation: 216162199b28c13a410421893ffa2e32 -> 
  custom:video-decoder-ogg-theora: a1e56fd34408186e4bbccfd4996cb3dc -> 
  custom:container-muxer-webm: aa71ff27fc2769a1b78a27578f13a17b -> 
  custom:container-demuxer-webm: 4f35f7cbe854078d1ac9338744f61a02 -> 
  custom:container-demuxer-ogg: 62fdf1f143b41e24485cea50d1cbac27 -> 
  custom:video-encoder-webm-vp8: eb34c28f22e8b96e1ab97ce403110664 -> 
  custom:video-decoder-webm-vp8: 9c59270c3fd7afecdb556c50c9e8de78 -> 
  custom:audio-decoder-ogg-vorbis: bf7c407c2cedff20999df2af8eb42d56 -> 
  custom:audio-encoder-webm-vorbis: bf7c407c2cedff20999df2af8eb42d56 -> 
========================================================================
Received Prepare
Registering precompiled user dll's ...
Registered in 0.005759 seconds.
Script error: OnCollisionEnter
The message must have 0 or 1 parameters.
The message will be ignored.

Script error: OnCollisionEnter
The message must have 0 or 1 parameters.
The message will be ignored.

Script error: OnCollisionEnter
The message must have 0 or 1 parameters.
The message will be ignored.

Script error: OnCollisionEnter
The message must have 0 or 1 parameters.
The message will be ignored.

Begin MonoManager ReloadAssembly
Script error: OnCollisionEnter
The message must have 0 or 1 parameters.
The message will be ignored.

Script error: OnCollisionEnter
The message must have 0 or 1 parameters.
The message will be ignored.

Script error: OnCollisionEnter
The message must have 0 or 1 parameters.
The message will be ignored.

Script error: OnCollisionEnter
The message must have 0 or 1 parameters.
The message will be ignored.

Native extension for WindowsStandalone target not found
Native extension for WebGL target not found
Refreshing native plugins compatible for Editor in 1.67 ms, found 3 plugins.
Preloading 0 native plugins for Editor in 0.00 ms.
Mono: successfully reloaded assembly
- Completed reload, in  1.204 seconds
Domain Reload Profiling:
	ReloadAssembly (1204ms)
		BeginReloadAssembly (170ms)
			ExecutionOrderSort (0ms)
			DisableScriptedObjects (5ms)
			BackupInstance (0ms)
			ReleaseScriptingObjects (0ms)
			CreateAndSetChildDomain (38ms)
		EndReloadAssembly (972ms)
			LoadAssemblies (149ms)
			RebuildTransferFunctionScriptingTraits (0ms)
			SetupTypeCache (341ms)
			ReleaseScriptCaches (2ms)
			RebuildScriptCaches (53ms)
			SetupLoadedEditorAssemblies (332ms)
				LogAssemblyErrors (0ms)
				InitializePlatformSupportModulesInManaged (9ms)
				SetLoadedEditorAssemblies (1ms)
				RefreshPlugins (2ms)
				BeforeProcessingInitializeOnLoad (108ms)
				ProcessInitializeOnLoadAttributes (197ms)
				ProcessInitializeOnLoadMethodAttributes (11ms)
				AfterProcessingInitializeOnLoad (6ms)
				EditorAssembliesLoaded (0ms)
			ExecutionOrderSort2 (0ms)
			AwakeInstancesAfterBackupRestoration (11ms)
Platform modules already initialized, skipping
Refreshing native plugins compatible for Editor in 0.92 ms, found 3 plugins.
Preloading 0 native plugins for Editor in 0.00 ms.
Unloading 3197 Unused Serialized files (Serialized files now loaded: 0)
System memory in use before: 133.1 MB.
System memory in use after: 133.3 MB.

Unloading 24 unused Assets to reduce memory usage. Loaded Objects now: 3692.
Total: 3.791200 ms (FindLiveObjects: 0.372400 ms CreateObjectMapping: 0.178500 ms MarkObjects: 3.216100 ms  DeleteObjects: 0.022700 ms)

AssetImportParameters requested are different than current active one (requested -> active):
  custom:framework-win-MediaFoundation: 216162199b28c13a410421893ffa2e32 -> 
  custom:video-decoder-ogg-theora: a1e56fd34408186e4bbccfd4996cb3dc -> 
  custom:container-muxer-webm: aa71ff27fc2769a1b78a27578f13a17b -> 
  custom:container-demuxer-webm: 4f35f7cbe854078d1ac9338744f61a02 -> 
  custom:container-demuxer-ogg: 62fdf1f143b41e24485cea50d1cbac27 -> 
  custom:video-encoder-webm-vp8: eb34c28f22e8b96e1ab97ce403110664 -> 
  custom:video-decoder-webm-vp8: 9c59270c3fd7afecdb556c50c9e8de78 -> 
  custom:audio-decoder-ogg-vorbis: bf7c407c2cedff20999df2af8eb42d56 -> 
  custom:audio-encoder-webm-vorbis: bf7c407c2cedff20999df2af8eb42d56 -> 
========================================================================
Received Prepare
Registering precompiled user dll's ...
Registered in 0.009716 seconds.
Script error: OnCollisionEnter
The message must have 0 or 1 parameters.
The message will be ignored.

Script error: OnCollisionEnter
The message must have 0 or 1 parameters.
The message will be ignored.

Script error: OnCollisionEnter
The message must have 0 or 1 parameters.
The message will be ignored.

Script error: OnCollisionEnter
The message must have 0 or 1 parameters.
The message will be ignored.

Begin MonoManager ReloadAssembly
Script error: OnCollisionEnter
The message must have 0 or 1 parameters.
The message will be ignored.

Script error: OnCollisionEnter
The message must have 0 or 1 parameters.
The message will be ignored.

Script error: OnCollisionEnter
The message must have 0 or 1 parameters.
The message will be ignored.

Script error: OnCollisionEnter
The message must have 0 or 1 parameters.
The message will be ignored.

Native extension for WindowsStandalone target not found
Native extension for WebGL target not found
Refreshing native plugins compatible for Editor in 2.19 ms, found 3 plugins.
Preloading 0 native plugins for Editor in 0.00 ms.
Mono: successfully reloaded assembly
- Completed reload, in  1.082 seconds
Domain Reload Profiling:
	ReloadAssembly (1083ms)
		BeginReloadAssembly (102ms)
			ExecutionOrderSort (0ms)
			DisableScriptedObjects (6ms)
			BackupInstance (0ms)
			ReleaseScriptingObjects (0ms)
			CreateAndSetChildDomain (35ms)
		EndReloadAssembly (924ms)
			LoadAssemblies (103ms)
			RebuildTransferFunctionScriptingTraits (0ms)
			SetupTypeCache (334ms)
			ReleaseScriptCaches (2ms)
			RebuildScriptCaches (59ms)
			SetupLoadedEditorAssemblies (322ms)
				LogAssemblyErrors (0ms)
				InitializePlatformSupportModulesInManaged (6ms)
				SetLoadedEditorAssemblies (0ms)
				RefreshPlugins (2ms)
				BeforeProcessingInitializeOnLoad (100ms)
				ProcessInitializeOnLoadAttributes (194ms)
				ProcessInitializeOnLoadMethodAttributes (13ms)
				AfterProcessingInitializeOnLoad (5ms)
				EditorAssembliesLoaded (0ms)
			ExecutionOrderSort2 (0ms)
			AwakeInstancesAfterBackupRestoration (8ms)
Platform modules already initialized, skipping
Refreshing native plugins compatible for Editor in 0.92 ms, found 3 plugins.
Preloading 0 native plugins for Editor in 0.00 ms.
Unloading 3197 Unused Serialized files (Serialized files now loaded: 0)
System memory in use before: 133.1 MB.
System memory in use after: 133.4 MB.

Unloading 24 unused Assets to reduce memory usage. Loaded Objects now: 3694.
Total: 3.387200 ms (FindLiveObjects: 0.389500 ms CreateObjectMapping: 0.254300 ms MarkObjects: 2.724000 ms  DeleteObjects: 0.017500 ms)

AssetImportParameters requested are different than current active one (requested -> active):
  custom:framework-win-MediaFoundation: 216162199b28c13a410421893ffa2e32 -> 
  custom:video-decoder-ogg-theora: a1e56fd34408186e4bbccfd4996cb3dc -> 
  custom:container-muxer-webm: aa71ff27fc2769a1b78a27578f13a17b -> 
  custom:container-demuxer-webm: 4f35f7cbe854078d1ac9338744f61a02 -> 
  custom:container-demuxer-ogg: 62fdf1f143b41e24485cea50d1cbac27 -> 
  custom:video-encoder-webm-vp8: eb34c28f22e8b96e1ab97ce403110664 -> 
  custom:video-decoder-webm-vp8: 9c59270c3fd7afecdb556c50c9e8de78 -> 
  custom:audio-decoder-ogg-vorbis: bf7c407c2cedff20999df2af8eb42d56 -> 
  custom:audio-encoder-webm-vorbis: bf7c407c2cedff20999df2af8eb42d56 -> 
========================================================================
Received Import Request.
  Time since last request: 839.776839 seconds.
  path: Assets/_Game/Gameplay/Animations/UI/Text_Score 1.controller
  artifactKey: Guid(1f4112dc1f8b0be4cb40f326d8f2ce47) Importer(815301076,1909f56bfc062723c751e8b465ee728b)
Start importing Assets/_Game/Gameplay/Animations/UI/Text_Score 1.controller using Guid(1f4112dc1f8b0be4cb40f326d8f2ce47) Importer(815301076,1909f56bfc062723c751e8b465ee728b)  -> (artifact id: '11867293b216f29e9e23ab30d6e40bac') in 0.068937 seconds 
  Import took 0.086473 seconds .

========================================================================
Received Import Request.
  Time since last request: 3.546562 seconds.
  path: Assets/_Game/Gameplay/Animations/UI/teamB/ScoreReact.anim
  artifactKey: Guid(37daa67774167ca40a9881bcfbfe3056) Importer(815301076,1909f56bfc062723c751e8b465ee728b)
Start importing Assets/_Game/Gameplay/Animations/UI/teamB/ScoreReact.anim using Guid(37daa67774167ca40a9881bcfbfe3056) Importer(815301076,1909f56bfc062723c751e8b465ee728b)  -> (artifact id: 'a2ac056bb1baa4fbe6042e775ab591e6') in 0.008897 seconds 
  Import took 0.018059 seconds .

========================================================================
Received Prepare
Registering precompiled user dll's ...
Registered in 0.008707 seconds.
Script error: OnCollisionEnter
The message must have 0 or 1 parameters.
The message will be ignored.

Script error: OnCollisionEnter
The message must have 0 or 1 parameters.
The message will be ignored.

Script error: OnCollisionEnter
The message must have 0 or 1 parameters.
The message will be ignored.

Script error: OnCollisionEnter
The message must have 0 or 1 parameters.
The message will be ignored.

Begin MonoManager ReloadAssembly
Script error: OnCollisionEnter
The message must have 0 or 1 parameters.
The message will be ignored.

Script error: OnCollisionEnter
The message must have 0 or 1 parameters.
The message will be ignored.

Script error: OnCollisionEnter
The message must have 0 or 1 parameters.
The message will be ignored.

Script error: OnCollisionEnter
The message must have 0 or 1 parameters.
The message will be ignored.

Native extension for WindowsStandalone target not found
Native extension for WebGL target not found
Refreshing native plugins compatible for Editor in 1.40 ms, found 3 plugins.
Preloading 0 native plugins for Editor in 0.00 ms.
Mono: successfully reloaded assembly
- Completed reload, in  1.180 seconds
Domain Reload Profiling:
	ReloadAssembly (1180ms)
		BeginReloadAssembly (132ms)
			ExecutionOrderSort (0ms)
			DisableScriptedObjects (6ms)
			BackupInstance (0ms)
			ReleaseScriptingObjects (0ms)
			CreateAndSetChildDomain (43ms)
		EndReloadAssembly (985ms)
			LoadAssemblies (102ms)
			RebuildTransferFunctionScriptingTraits (0ms)
			SetupTypeCache (357ms)
			ReleaseScriptCaches (3ms)
			RebuildScriptCaches (64ms)
			SetupLoadedEditorAssemblies (359ms)
				LogAssemblyErrors (0ms)
				InitializePlatformSupportModulesInManaged (6ms)
				SetLoadedEditorAssemblies (1ms)
				RefreshPlugins (1ms)
				BeforeProcessingInitializeOnLoad (118ms)
				ProcessInitializeOnLoadAttributes (211ms)
				ProcessInitializeOnLoadMethodAttributes (14ms)
				AfterProcessingInitializeOnLoad (8ms)
				EditorAssembliesLoaded (0ms)
			ExecutionOrderSort2 (0ms)
			AwakeInstancesAfterBackupRestoration (9ms)
Platform modules already initialized, skipping
Refreshing native plugins compatible for Editor in 1.58 ms, found 3 plugins.
Preloading 0 native plugins for Editor in 0.00 ms.
Unloading 3197 Unused Serialized files (Serialized files now loaded: 0)
System memory in use before: 133.1 MB.
System memory in use after: 133.4 MB.

Unloading 24 unused Assets to reduce memory usage. Loaded Objects now: 3696.
Total: 4.199700 ms (FindLiveObjects: 0.719200 ms CreateObjectMapping: 0.379200 ms MarkObjects: 3.076800 ms  DeleteObjects: 0.022000 ms)

AssetImportParameters requested are different than current active one (requested -> active):
  custom:framework-win-MediaFoundation: 216162199b28c13a410421893ffa2e32 -> 
  custom:video-decoder-ogg-theora: a1e56fd34408186e4bbccfd4996cb3dc -> 
  custom:container-muxer-webm: aa71ff27fc2769a1b78a27578f13a17b -> 
  custom:container-demuxer-webm: 4f35f7cbe854078d1ac9338744f61a02 -> 
  custom:container-demuxer-ogg: 62fdf1f143b41e24485cea50d1cbac27 -> 
  custom:video-encoder-webm-vp8: eb34c28f22e8b96e1ab97ce403110664 -> 
  custom:video-decoder-webm-vp8: 9c59270c3fd7afecdb556c50c9e8de78 -> 
  custom:audio-decoder-ogg-vorbis: bf7c407c2cedff20999df2af8eb42d56 -> 
  custom:audio-encoder-webm-vorbis: bf7c407c2cedff20999df2af8eb42d56 -> 
========================================================================
Received Prepare
Registering precompiled user dll's ...
Registered in 0.009748 seconds.
Script error: OnCollisionEnter
The message must have 0 or 1 parameters.
The message will be ignored.

Script error: OnCollisionEnter
The message must have 0 or 1 parameters.
The message will be ignored.

Script error: OnCollisionEnter
The message must have 0 or 1 parameters.
The message will be ignored.

Script error: OnCollisionEnter
The message must have 0 or 1 parameters.
The message will be ignored.

Begin MonoManager ReloadAssembly
Script error: OnCollisionEnter
The message must have 0 or 1 parameters.
The message will be ignored.

Script error: OnCollisionEnter
The message must have 0 or 1 parameters.
The message will be ignored.

Script error: OnCollisionEnter
The message must have 0 or 1 parameters.
The message will be ignored.

Script error: OnCollisionEnter
The message must have 0 or 1 parameters.
The message will be ignored.

Native extension for WindowsStandalone target not found
Native extension for WebGL target not found
Refreshing native plugins compatible for Editor in 0.96 ms, found 3 plugins.
Preloading 0 native plugins for Editor in 0.00 ms.
Mono: successfully reloaded assembly
- Completed reload, in  1.160 seconds
Domain Reload Profiling:
	ReloadAssembly (1160ms)
		BeginReloadAssembly (131ms)
			ExecutionOrderSort (0ms)
			DisableScriptedObjects (5ms)
			BackupInstance (0ms)
			ReleaseScriptingObjects (0ms)
			CreateAndSetChildDomain (56ms)
		EndReloadAssembly (962ms)
			LoadAssemblies (111ms)
			RebuildTransferFunctionScriptingTraits (0ms)
			SetupTypeCache (360ms)
			ReleaseScriptCaches (2ms)
			RebuildScriptCaches (55ms)
			SetupLoadedEditorAssemblies (321ms)
				LogAssemblyErrors (0ms)
				InitializePlatformSupportModulesInManaged (7ms)
				SetLoadedEditorAssemblies (0ms)
				RefreshPlugins (1ms)
				BeforeProcessingInitializeOnLoad (98ms)
				ProcessInitializeOnLoadAttributes (193ms)
				ProcessInitializeOnLoadMethodAttributes (15ms)
				AfterProcessingInitializeOnLoad (5ms)
				EditorAssembliesLoaded (0ms)
			ExecutionOrderSort2 (0ms)
			AwakeInstancesAfterBackupRestoration (11ms)
Platform modules already initialized, skipping
Refreshing native plugins compatible for Editor in 1.37 ms, found 3 plugins.
Preloading 0 native plugins for Editor in 0.00 ms.
Unloading 3197 Unused Serialized files (Serialized files now loaded: 0)
System memory in use before: 133.1 MB.
System memory in use after: 133.4 MB.

Unloading 24 unused Assets to reduce memory usage. Loaded Objects now: 3698.
Total: 3.235900 ms (FindLiveObjects: 0.303000 ms CreateObjectMapping: 0.166900 ms MarkObjects: 2.741200 ms  DeleteObjects: 0.023700 ms)

AssetImportParameters requested are different than current active one (requested -> active):
  custom:framework-win-MediaFoundation: 216162199b28c13a410421893ffa2e32 -> 
  custom:video-decoder-ogg-theora: a1e56fd34408186e4bbccfd4996cb3dc -> 
  custom:container-muxer-webm: aa71ff27fc2769a1b78a27578f13a17b -> 
  custom:container-demuxer-webm: 4f35f7cbe854078d1ac9338744f61a02 -> 
  custom:container-demuxer-ogg: 62fdf1f143b41e24485cea50d1cbac27 -> 
  custom:video-encoder-webm-vp8: eb34c28f22e8b96e1ab97ce403110664 -> 
  custom:video-decoder-webm-vp8: 9c59270c3fd7afecdb556c50c9e8de78 -> 
  custom:audio-decoder-ogg-vorbis: bf7c407c2cedff20999df2af8eb42d56 -> 
  custom:audio-encoder-webm-vorbis: bf7c407c2cedff20999df2af8eb42d56 -> 
========================================================================
Received Prepare
Registering precompiled user dll's ...
Registered in 0.007907 seconds.
Script error: OnCollisionEnter
The message must have 0 or 1 parameters.
The message will be ignored.

Script error: OnCollisionEnter
The message must have 0 or 1 parameters.
The message will be ignored.

Script error: OnCollisionEnter
The message must have 0 or 1 parameters.
The message will be ignored.

Script error: OnCollisionEnter
The message must have 0 or 1 parameters.
The message will be ignored.

Begin MonoManager ReloadAssembly
Script error: OnCollisionEnter
The message must have 0 or 1 parameters.
The message will be ignored.

Script error: OnCollisionEnter
The message must have 0 or 1 parameters.
The message will be ignored.

Script error: OnCollisionEnter
The message must have 0 or 1 parameters.
The message will be ignored.

Script error: OnCollisionEnter
The message must have 0 or 1 parameters.
The message will be ignored.

Native extension for WindowsStandalone target not found
Native extension for WebGL target not found
Refreshing native plugins compatible for Editor in 0.82 ms, found 3 plugins.
Preloading 0 native plugins for Editor in 0.00 ms.
Mono: successfully reloaded assembly
- Completed reload, in  1.124 seconds
Domain Reload Profiling:
	ReloadAssembly (1124ms)
		BeginReloadAssembly (109ms)
			ExecutionOrderSort (0ms)
			DisableScriptedObjects (5ms)
			BackupInstance (0ms)
			ReleaseScriptingObjects (0ms)
			CreateAndSetChildDomain (35ms)
		EndReloadAssembly (957ms)
			LoadAssemblies (87ms)
			RebuildTransferFunctionScriptingTraits (0ms)
			SetupTypeCache (372ms)
			ReleaseScriptCaches (3ms)
			RebuildScriptCaches (61ms)
			SetupLoadedEditorAssemblies (328ms)
				LogAssemblyErrors (0ms)
				InitializePlatformSupportModulesInManaged (6ms)
				SetLoadedEditorAssemblies (0ms)
				RefreshPlugins (1ms)
				BeforeProcessingInitializeOnLoad (101ms)
				ProcessInitializeOnLoadAttributes (200ms)
				ProcessInitializeOnLoadMethodAttributes (12ms)
				AfterProcessingInitializeOnLoad (7ms)
				EditorAssembliesLoaded (0ms)
			ExecutionOrderSort2 (0ms)
			AwakeInstancesAfterBackupRestoration (9ms)
Platform modules already initialized, skipping
Refreshing native plugins compatible for Editor in 0.92 ms, found 3 plugins.
Preloading 0 native plugins for Editor in 0.00 ms.
Unloading 3197 Unused Serialized files (Serialized files now loaded: 0)
System memory in use before: 133.2 MB.
System memory in use after: 133.4 MB.

Unloading 24 unused Assets to reduce memory usage. Loaded Objects now: 3700.
Total: 3.428400 ms (FindLiveObjects: 0.410500 ms CreateObjectMapping: 0.200500 ms MarkObjects: 2.781500 ms  DeleteObjects: 0.034800 ms)

AssetImportParameters requested are different than current active one (requested -> active):
  custom:framework-win-MediaFoundation: 216162199b28c13a410421893ffa2e32 -> 
  custom:video-decoder-ogg-theora: a1e56fd34408186e4bbccfd4996cb3dc -> 
  custom:container-muxer-webm: aa71ff27fc2769a1b78a27578f13a17b -> 
  custom:container-demuxer-webm: 4f35f7cbe854078d1ac9338744f61a02 -> 
  custom:container-demuxer-ogg: 62fdf1f143b41e24485cea50d1cbac27 -> 
  custom:video-encoder-webm-vp8: eb34c28f22e8b96e1ab97ce403110664 -> 
  custom:video-decoder-webm-vp8: 9c59270c3fd7afecdb556c50c9e8de78 -> 
  custom:audio-decoder-ogg-vorbis: bf7c407c2cedff20999df2af8eb42d56 -> 
  custom:audio-encoder-webm-vorbis: bf7c407c2cedff20999df2af8eb42d56 -> 
========================================================================
Received Prepare
Registering precompiled user dll's ...
Registered in 0.005840 seconds.
Script error: OnCollisionEnter
The message must have 0 or 1 parameters.
The message will be ignored.

Script error: OnCollisionEnter
The message must have 0 or 1 parameters.
The message will be ignored.

Script error: OnCollisionEnter
The message must have 0 or 1 parameters.
The message will be ignored.

Script error: OnCollisionEnter
The message must have 0 or 1 parameters.
The message will be ignored.

Begin MonoManager ReloadAssembly
Script error: OnCollisionEnter
The message must have 0 or 1 parameters.
The message will be ignored.

Script error: OnCollisionEnter
The message must have 0 or 1 parameters.
The message will be ignored.

Script error: OnCollisionEnter
The message must have 0 or 1 parameters.
The message will be ignored.

Script error: OnCollisionEnter
The message must have 0 or 1 parameters.
The message will be ignored.

Native extension for WindowsStandalone target not found
Native extension for WebGL target not found
Refreshing native plugins compatible for Editor in 0.93 ms, found 3 plugins.
Preloading 0 native plugins for Editor in 0.00 ms.
Mono: successfully reloaded assembly
- Completed reload, in  1.141 seconds
Domain Reload Profiling:
	ReloadAssembly (1141ms)
		BeginReloadAssembly (122ms)
			ExecutionOrderSort (0ms)
			DisableScriptedObjects (10ms)
			BackupInstance (0ms)
			ReleaseScriptingObjects (0ms)
			CreateAndSetChildDomain (36ms)
		EndReloadAssembly (959ms)
			LoadAssemblies (89ms)
			RebuildTransferFunctionScriptingTraits (0ms)
			SetupTypeCache (357ms)
			ReleaseScriptCaches (2ms)
			RebuildScriptCaches (59ms)
			SetupLoadedEditorAssemblies (334ms)
				LogAssemblyErrors (0ms)
				InitializePlatformSupportModulesInManaged (5ms)
				SetLoadedEditorAssemblies (0ms)
				RefreshPlugins (1ms)
				BeforeProcessingInitializeOnLoad (104ms)
				ProcessInitializeOnLoadAttributes (202ms)
				ProcessInitializeOnLoadMethodAttributes (16ms)
				AfterProcessingInitializeOnLoad (5ms)
				EditorAssembliesLoaded (0ms)
			ExecutionOrderSort2 (0ms)
			AwakeInstancesAfterBackupRestoration (9ms)
Platform modules already initialized, skipping
Refreshing native plugins compatible for Editor in 0.96 ms, found 3 plugins.
Preloading 0 native plugins for Editor in 0.00 ms.
Unloading 3197 Unused Serialized files (Serialized files now loaded: 0)
System memory in use before: 133.2 MB.
System memory in use after: 133.4 MB.

Unloading 24 unused Assets to reduce memory usage. Loaded Objects now: 3702.
Total: 6.173300 ms (FindLiveObjects: 2.347400 ms CreateObjectMapping: 0.589200 ms MarkObjects: 3.211500 ms  DeleteObjects: 0.022000 ms)

AssetImportParameters requested are different than current active one (requested -> active):
  custom:framework-win-MediaFoundation: 216162199b28c13a410421893ffa2e32 -> 
  custom:video-decoder-ogg-theora: a1e56fd34408186e4bbccfd4996cb3dc -> 
  custom:container-muxer-webm: aa71ff27fc2769a1b78a27578f13a17b -> 
  custom:container-demuxer-webm: 4f35f7cbe854078d1ac9338744f61a02 -> 
  custom:container-demuxer-ogg: 62fdf1f143b41e24485cea50d1cbac27 -> 
  custom:video-encoder-webm-vp8: eb34c28f22e8b96e1ab97ce403110664 -> 
  custom:video-decoder-webm-vp8: 9c59270c3fd7afecdb556c50c9e8de78 -> 
  custom:audio-decoder-ogg-vorbis: bf7c407c2cedff20999df2af8eb42d56 -> 
  custom:audio-encoder-webm-vorbis: bf7c407c2cedff20999df2af8eb42d56 -> 
========================================================================
Received Prepare
Registering precompiled user dll's ...
Registered in 0.005372 seconds.
Script error: OnCollisionEnter
The message must have 0 or 1 parameters.
The message will be ignored.

Script error: OnCollisionEnter
The message must have 0 or 1 parameters.
The message will be ignored.

Script error: OnCollisionEnter
The message must have 0 or 1 parameters.
The message will be ignored.

Script error: OnCollisionEnter
The message must have 0 or 1 parameters.
The message will be ignored.

Begin MonoManager ReloadAssembly
Script error: OnCollisionEnter
The message must have 0 or 1 parameters.
The message will be ignored.

Script error: OnCollisionEnter
The message must have 0 or 1 parameters.
The message will be ignored.

Script error: OnCollisionEnter
The message must have 0 or 1 parameters.
The message will be ignored.

Script error: OnCollisionEnter
The message must have 0 or 1 parameters.
The message will be ignored.

Native extension for WindowsStandalone target not found
Native extension for WebGL target not found
Refreshing native plugins compatible for Editor in 0.94 ms, found 3 plugins.
Preloading 0 native plugins for Editor in 0.00 ms.
Mono: successfully reloaded assembly
- Completed reload, in  1.303 seconds
Domain Reload Profiling:
	ReloadAssembly (1304ms)
		BeginReloadAssembly (128ms)
			ExecutionOrderSort (0ms)
			DisableScriptedObjects (8ms)
			BackupInstance (0ms)
			ReleaseScriptingObjects (0ms)
			CreateAndSetChildDomain (47ms)
		EndReloadAssembly (1113ms)
			LoadAssemblies (101ms)
			RebuildTransferFunctionScriptingTraits (0ms)
			SetupTypeCache (435ms)
			ReleaseScriptCaches (3ms)
			RebuildScriptCaches (99ms)
			SetupLoadedEditorAssemblies (342ms)
				LogAssemblyErrors (0ms)
				InitializePlatformSupportModulesInManaged (7ms)
				SetLoadedEditorAssemblies (1ms)
				RefreshPlugins (1ms)
				BeforeProcessingInitializeOnLoad (108ms)
				ProcessInitializeOnLoadAttributes (206ms)
				ProcessInitializeOnLoadMethodAttributes (10ms)
				AfterProcessingInitializeOnLoad (8ms)
				EditorAssembliesLoaded (0ms)
			ExecutionOrderSort2 (0ms)
			AwakeInstancesAfterBackupRestoration (9ms)
Platform modules already initialized, skipping
Refreshing native plugins compatible for Editor in 0.93 ms, found 3 plugins.
Preloading 0 native plugins for Editor in 0.00 ms.
Unloading 3197 Unused Serialized files (Serialized files now loaded: 0)
System memory in use before: 133.2 MB.
System memory in use after: 133.4 MB.

Unloading 24 unused Assets to reduce memory usage. Loaded Objects now: 3704.
Total: 4.707400 ms (FindLiveObjects: 0.540900 ms CreateObjectMapping: 0.239800 ms MarkObjects: 3.691600 ms  DeleteObjects: 0.232400 ms)

AssetImportParameters requested are different than current active one (requested -> active):
  custom:framework-win-MediaFoundation: 216162199b28c13a410421893ffa2e32 -> 
  custom:video-decoder-ogg-theora: a1e56fd34408186e4bbccfd4996cb3dc -> 
  custom:container-muxer-webm: aa71ff27fc2769a1b78a27578f13a17b -> 
  custom:container-demuxer-webm: 4f35f7cbe854078d1ac9338744f61a02 -> 
  custom:container-demuxer-ogg: 62fdf1f143b41e24485cea50d1cbac27 -> 
  custom:video-encoder-webm-vp8: eb34c28f22e8b96e1ab97ce403110664 -> 
  custom:video-decoder-webm-vp8: 9c59270c3fd7afecdb556c50c9e8de78 -> 
  custom:audio-decoder-ogg-vorbis: bf7c407c2cedff20999df2af8eb42d56 -> 
  custom:audio-encoder-webm-vorbis: bf7c407c2cedff20999df2af8eb42d56 -> 
========================================================================
Received Prepare
Registering precompiled user dll's ...
Registered in 0.005828 seconds.
Script error: OnCollisionEnter
The message must have 0 or 1 parameters.
The message will be ignored.

Script error: OnCollisionEnter
The message must have 0 or 1 parameters.
The message will be ignored.

Script error: OnCollisionEnter
The message must have 0 or 1 parameters.
The message will be ignored.

Script error: OnCollisionEnter
The message must have 0 or 1 parameters.
The message will be ignored.

Begin MonoManager ReloadAssembly
Script error: OnCollisionEnter
The message must have 0 or 1 parameters.
The message will be ignored.

Script error: OnCollisionEnter
The message must have 0 or 1 parameters.
The message will be ignored.

Script error: OnCollisionEnter
The message must have 0 or 1 parameters.
The message will be ignored.

Script error: OnCollisionEnter
The message must have 0 or 1 parameters.
The message will be ignored.

Native extension for WindowsStandalone target not found
Native extension for WebGL target not found
Refreshing native plugins compatible for Editor in 1.12 ms, found 3 plugins.
Preloading 0 native plugins for Editor in 0.00 ms.
Mono: successfully reloaded assembly
- Completed reload, in  1.120 seconds
Domain Reload Profiling:
	ReloadAssembly (1120ms)
		BeginReloadAssembly (114ms)
			ExecutionOrderSort (0ms)
			DisableScriptedObjects (7ms)
			BackupInstance (0ms)
			ReleaseScriptingObjects (0ms)
			CreateAndSetChildDomain (34ms)
		EndReloadAssembly (946ms)
			LoadAssemblies (86ms)
			RebuildTransferFunctionScriptingTraits (0ms)
			SetupTypeCache (341ms)
			ReleaseScriptCaches (2ms)
			RebuildScriptCaches (58ms)
			SetupLoadedEditorAssemblies (349ms)
				LogAssemblyErrors (0ms)
				InitializePlatformSupportModulesInManaged (5ms)
				SetLoadedEditorAssemblies (0ms)
				RefreshPlugins (1ms)
				BeforeProcessingInitializeOnLoad (101ms)
				ProcessInitializeOnLoadAttributes (208ms)
				ProcessInitializeOnLoadMethodAttributes (23ms)
				AfterProcessingInitializeOnLoad (9ms)
				EditorAssembliesLoaded (0ms)
			ExecutionOrderSort2 (0ms)
			AwakeInstancesAfterBackupRestoration (9ms)
Platform modules already initialized, skipping
Refreshing native plugins compatible for Editor in 0.85 ms, found 3 plugins.
Preloading 0 native plugins for Editor in 0.00 ms.
Unloading 3197 Unused Serialized files (Serialized files now loaded: 0)
System memory in use before: 133.2 MB.
System memory in use after: 133.4 MB.

Unloading 24 unused Assets to reduce memory usage. Loaded Objects now: 3706.
Total: 4.437600 ms (FindLiveObjects: 0.304800 ms CreateObjectMapping: 0.165700 ms MarkObjects: 3.942000 ms  DeleteObjects: 0.024000 ms)

AssetImportParameters requested are different than current active one (requested -> active):
  custom:framework-win-MediaFoundation: 216162199b28c13a410421893ffa2e32 -> 
  custom:video-decoder-ogg-theora: a1e56fd34408186e4bbccfd4996cb3dc -> 
  custom:container-muxer-webm: aa71ff27fc2769a1b78a27578f13a17b -> 
  custom:container-demuxer-webm: 4f35f7cbe854078d1ac9338744f61a02 -> 
  custom:container-demuxer-ogg: 62fdf1f143b41e24485cea50d1cbac27 -> 
  custom:video-encoder-webm-vp8: eb34c28f22e8b96e1ab97ce403110664 -> 
  custom:video-decoder-webm-vp8: 9c59270c3fd7afecdb556c50c9e8de78 -> 
  custom:audio-decoder-ogg-vorbis: bf7c407c2cedff20999df2af8eb42d56 -> 
  custom:audio-encoder-webm-vorbis: bf7c407c2cedff20999df2af8eb42d56 -> 
AssetImportWorkerClient::OnTransportError - code=2 error=End of file
